[0.138s] DEBUG:colcon:Command line arguments: ['/usr/bin/colcon', 'build']
[0.138s] DEBUG:colcon:Parsed command line arguments: Namespace(log_base=None, log_level=None, verb_name='build', build_base='build', install_base='install', merge_install=False, symlink_install=False, test_result_base=None, continue_on_error=False, executor='parallel', parallel_workers=4, event_handlers=None, ignore_user_meta=False, metas=['./colcon.meta'], base_paths=['.'], packages_ignore=None, packages_ignore_regex=None, paths=None, packages_up_to=None, packages_up_to_regex=None, packages_above=None, packages_above_and_dependencies=None, packages_above_depth=None, packages_select_by_dep=None, packages_skip_by_dep=None, packages_skip_up_to=None, packages_select_build_failed=False, packages_skip_build_finished=False, packages_select_test_failures=False, packages_skip_test_passed=False, packages_select=None, packages_skip=None, packages_select_regex=None, packages_skip_regex=None, packages_start=None, packages_end=None, allow_overriding=[], cmake_args=None, cmake_target=None, cmake_target_skip_unavailable=False, cmake_clean_cache=False, cmake_clean_first=False, cmake_force_configure=False, ament_cmake_args=None, catkin_cmake_args=None, catkin_skip_building_tests=False, mixin_files=None, mixin=None, verb_parser=<colcon_mixin.mixin.mixin_argument.MixinArgumentDecorator object at 0xffff8125b6b0>, verb_extension=<colcon_core.verb.build.BuildVerb object at 0xffff81413d10>, main=<bound method BuildVerb.main of <colcon_core.verb.build.BuildVerb object at 0xffff81413d10>>, mixin_verb=('build',))
[0.193s] Level 1:colcon.colcon_core.package_discovery:discover_packages(colcon_meta) check parameters
[0.193s] Level 1:colcon.colcon_core.package_discovery:discover_packages(recursive) check parameters
[0.193s] Level 1:colcon.colcon_core.package_discovery:discover_packages(ignore) check parameters
[0.193s] Level 1:colcon.colcon_core.package_discovery:discover_packages(path) check parameters
[0.194s] Level 1:colcon.colcon_core.package_discovery:discover_packages(colcon_meta) discover
[0.194s] Level 1:colcon.colcon_core.package_discovery:discover_packages(recursive) discover
[0.194s] INFO:colcon.colcon_core.package_discovery:Crawling recursively for packages in '/home/shayan/rpi_ws'
[0.194s] Level 1:colcon.colcon_core.package_identification:_identify(.) by extensions ['ignore', 'ignore_ament_install']
[0.194s] Level 1:colcon.colcon_core.package_identification:_identify(.) by extension 'ignore'
[0.194s] Level 1:colcon.colcon_core.package_identification:_identify(.) by extension 'ignore_ament_install'
[0.194s] Level 1:colcon.colcon_core.package_identification:_identify(.) by extensions ['colcon_pkg']
[0.194s] Level 1:colcon.colcon_core.package_identification:_identify(.) by extension 'colcon_pkg'
[0.194s] Level 1:colcon.colcon_core.package_identification:_identify(.) by extensions ['colcon_meta']
[0.194s] Level 1:colcon.colcon_core.package_identification:_identify(.) by extension 'colcon_meta'
[0.194s] Level 1:colcon.colcon_core.package_identification:_identify(.) by extensions ['ros']
[0.194s] Level 1:colcon.colcon_core.package_identification:_identify(.) by extension 'ros'
[0.230s] Level 1:colcon.colcon_core.package_identification:_identify(.) by extensions ['cmake', 'python']
[0.230s] Level 1:colcon.colcon_core.package_identification:_identify(.) by extension 'cmake'
[0.231s] Level 1:colcon.colcon_core.package_identification:_identify(.) by extension 'python'
[0.231s] Level 1:colcon.colcon_core.package_identification:_identify(.) by extensions ['python_setup_py']
[0.231s] Level 1:colcon.colcon_core.package_identification:_identify(.) by extension 'python_setup_py'
[0.231s] Level 1:colcon.colcon_core.package_identification:_identify(build) by extensions ['ignore', 'ignore_ament_install']
[0.231s] Level 1:colcon.colcon_core.package_identification:_identify(build) by extension 'ignore'
[0.231s] Level 1:colcon.colcon_core.package_identification:_identify(build) ignored
[0.231s] Level 1:colcon.colcon_core.package_identification:_identify(install) by extensions ['ignore', 'ignore_ament_install']
[0.231s] Level 1:colcon.colcon_core.package_identification:_identify(install) by extension 'ignore'
[0.231s] Level 1:colcon.colcon_core.package_identification:_identify(install) ignored
[0.231s] Level 1:colcon.colcon_core.package_identification:_identify(log) by extensions ['ignore', 'ignore_ament_install']
[0.231s] Level 1:colcon.colcon_core.package_identification:_identify(log) by extension 'ignore'
[0.232s] Level 1:colcon.colcon_core.package_identification:_identify(log) ignored
[0.232s] Level 1:colcon.colcon_core.package_identification:_identify(src) by extensions ['ignore', 'ignore_ament_install']
[0.232s] Level 1:colcon.colcon_core.package_identification:_identify(src) by extension 'ignore'
[0.232s] Level 1:colcon.colcon_core.package_identification:_identify(src) by extension 'ignore_ament_install'
[0.232s] Level 1:colcon.colcon_core.package_identification:_identify(src) by extensions ['colcon_pkg']
[0.232s] Level 1:colcon.colcon_core.package_identification:_identify(src) by extension 'colcon_pkg'
[0.232s] Level 1:colcon.colcon_core.package_identification:_identify(src) by extensions ['colcon_meta']
[0.232s] Level 1:colcon.colcon_core.package_identification:_identify(src) by extension 'colcon_meta'
[0.232s] Level 1:colcon.colcon_core.package_identification:_identify(src) by extensions ['ros']
[0.232s] Level 1:colcon.colcon_core.package_identification:_identify(src) by extension 'ros'
[0.232s] Level 1:colcon.colcon_core.package_identification:_identify(src) by extensions ['cmake', 'python']
[0.232s] Level 1:colcon.colcon_core.package_identification:_identify(src) by extension 'cmake'
[0.232s] Level 1:colcon.colcon_core.package_identification:_identify(src) by extension 'python'
[0.232s] Level 1:colcon.colcon_core.package_identification:_identify(src) by extensions ['python_setup_py']
[0.232s] Level 1:colcon.colcon_core.package_identification:_identify(src) by extension 'python_setup_py'
[0.232s] Level 1:colcon.colcon_core.package_identification:_identify(src/bringup) by extensions ['ignore', 'ignore_ament_install']
[0.232s] Level 1:colcon.colcon_core.package_identification:_identify(src/bringup) by extension 'ignore'
[0.232s] Level 1:colcon.colcon_core.package_identification:_identify(src/bringup) by extension 'ignore_ament_install'
[0.232s] Level 1:colcon.colcon_core.package_identification:_identify(src/bringup) by extensions ['colcon_pkg']
[0.233s] Level 1:colcon.colcon_core.package_identification:_identify(src/bringup) by extension 'colcon_pkg'
[0.233s] Level 1:colcon.colcon_core.package_identification:_identify(src/bringup) by extensions ['colcon_meta']
[0.233s] Level 1:colcon.colcon_core.package_identification:_identify(src/bringup) by extension 'colcon_meta'
[0.233s] Level 1:colcon.colcon_core.package_identification:_identify(src/bringup) by extensions ['ros']
[0.233s] Level 1:colcon.colcon_core.package_identification:_identify(src/bringup) by extension 'ros'
[0.236s] DEBUG:colcon.colcon_core.package_identification:Package 'src/bringup' with type 'ros.ament_cmake' and name 'bringup'
[0.236s] Level 1:colcon.colcon_core.package_identification:_identify(src/robot_interfaces) by extensions ['ignore', 'ignore_ament_install']
[0.236s] Level 1:colcon.colcon_core.package_identification:_identify(src/robot_interfaces) by extension 'ignore'
[0.236s] Level 1:colcon.colcon_core.package_identification:_identify(src/robot_interfaces) by extension 'ignore_ament_install'
[0.236s] Level 1:colcon.colcon_core.package_identification:_identify(src/robot_interfaces) by extensions ['colcon_pkg']
[0.236s] Level 1:colcon.colcon_core.package_identification:_identify(src/robot_interfaces) by extension 'colcon_pkg'
[0.236s] Level 1:colcon.colcon_core.package_identification:_identify(src/robot_interfaces) by extensions ['colcon_meta']
[0.236s] Level 1:colcon.colcon_core.package_identification:_identify(src/robot_interfaces) by extension 'colcon_meta'
[0.236s] Level 1:colcon.colcon_core.package_identification:_identify(src/robot_interfaces) by extensions ['ros']
[0.236s] Level 1:colcon.colcon_core.package_identification:_identify(src/robot_interfaces) by extension 'ros'
[0.237s] DEBUG:colcon.colcon_core.package_identification:Package 'src/robot_interfaces' with type 'ros.ament_cmake' and name 'robot_interfaces'
[0.237s] Level 1:colcon.colcon_core.package_identification:_identify(src/rpi_tests) by extensions ['ignore', 'ignore_ament_install']
[0.237s] Level 1:colcon.colcon_core.package_identification:_identify(src/rpi_tests) by extension 'ignore'
[0.237s] Level 1:colcon.colcon_core.package_identification:_identify(src/rpi_tests) by extension 'ignore_ament_install'
[0.237s] Level 1:colcon.colcon_core.package_identification:_identify(src/rpi_tests) by extensions ['colcon_pkg']
[0.237s] Level 1:colcon.colcon_core.package_identification:_identify(src/rpi_tests) by extension 'colcon_pkg'
[0.237s] Level 1:colcon.colcon_core.package_identification:_identify(src/rpi_tests) by extensions ['colcon_meta']
[0.237s] Level 1:colcon.colcon_core.package_identification:_identify(src/rpi_tests) by extension 'colcon_meta'
[0.237s] Level 1:colcon.colcon_core.package_identification:_identify(src/rpi_tests) by extensions ['ros']
[0.237s] Level 1:colcon.colcon_core.package_identification:_identify(src/rpi_tests) by extension 'ros'
[0.238s] DEBUG:colcon.colcon_core.package_identification:Package 'src/rpi_tests' with type 'ros.ament_python' and name 'rpi_tests'
[0.238s] Level 1:colcon.colcon_core.package_discovery:discover_packages(recursive) using defaults
[0.238s] Level 1:colcon.colcon_core.package_discovery:discover_packages(ignore) discover
[0.238s] Level 1:colcon.colcon_core.package_discovery:discover_packages(ignore) using defaults
[0.238s] Level 1:colcon.colcon_core.package_discovery:discover_packages(path) discover
[0.238s] Level 1:colcon.colcon_core.package_discovery:discover_packages(path) using defaults
[0.261s] Level 1:colcon.colcon_core.package_discovery:discover_packages(prefix_path) check parameters
[0.261s] Level 1:colcon.colcon_core.package_discovery:discover_packages(prefix_path) discover
[0.262s] WARNING:colcon.colcon_ros.prefix_path.ament:The path '/home/shayan/rpi_ws/install/bringup' in the environment variable AMENT_PREFIX_PATH doesn't exist
[0.262s] WARNING:colcon.colcon_ros.prefix_path.ament:The path '/home/shayan/rpi_ws/install/rpi_tests' in the environment variable AMENT_PREFIX_PATH doesn't exist
[0.262s] WARNING:colcon.colcon_ros.prefix_path.ament:The path '/home/shayan/rpi_ws/install/robot_interfaces' in the environment variable AMENT_PREFIX_PATH doesn't exist
[0.262s] WARNING:colcon.colcon_ros.prefix_path.catkin:The path '/home/shayan/rpi_ws/install/bringup' in the environment variable CMAKE_PREFIX_PATH doesn't exist
[0.262s] WARNING:colcon.colcon_ros.prefix_path.catkin:The path '/home/shayan/rpi_ws/install/robot_interfaces' in the environment variable CMAKE_PREFIX_PATH doesn't exist
[0.263s] DEBUG:colcon.colcon_installed_package_information.package_discovery:Found 0 installed packages in /home/shayan/rpi_ws/install
[0.265s] DEBUG:colcon.colcon_installed_package_information.package_discovery:Found 197 installed packages in /opt/ros/jazzy
[0.265s] Level 1:colcon.colcon_core.package_discovery:discover_packages(prefix_path) using defaults
[0.306s] Level 5:colcon.colcon_core.verb:set package 'bringup' build argument 'cmake_args' from command line to 'None'
[0.306s] Level 5:colcon.colcon_core.verb:set package 'bringup' build argument 'cmake_target' from command line to 'None'
[0.306s] Level 5:colcon.colcon_core.verb:set package 'bringup' build argument 'cmake_target_skip_unavailable' from command line to 'False'
[0.306s] Level 5:colcon.colcon_core.verb:set package 'bringup' build argument 'cmake_clean_cache' from command line to 'False'
[0.306s] Level 5:colcon.colcon_core.verb:set package 'bringup' build argument 'cmake_clean_first' from command line to 'False'
[0.306s] Level 5:colcon.colcon_core.verb:set package 'bringup' build argument 'cmake_force_configure' from command line to 'False'
[0.306s] Level 5:colcon.colcon_core.verb:set package 'bringup' build argument 'ament_cmake_args' from command line to 'None'
[0.306s] Level 5:colcon.colcon_core.verb:set package 'bringup' build argument 'catkin_cmake_args' from command line to 'None'
[0.306s] Level 5:colcon.colcon_core.verb:set package 'bringup' build argument 'catkin_skip_building_tests' from command line to 'False'
[0.306s] DEBUG:colcon.colcon_core.verb:Building package 'bringup' with the following arguments: {'ament_cmake_args': None, 'build_base': '/home/shayan/rpi_ws/build/bringup', 'catkin_cmake_args': None, 'catkin_skip_building_tests': False, 'cmake_args': None, 'cmake_clean_cache': False, 'cmake_clean_first': False, 'cmake_force_configure': False, 'cmake_target': None, 'cmake_target_skip_unavailable': False, 'install_base': '/home/shayan/rpi_ws/install/bringup', 'merge_install': False, 'path': '/home/shayan/rpi_ws/src/bringup', 'symlink_install': False, 'test_result_base': None}
[0.307s] Level 5:colcon.colcon_core.verb:set package 'robot_interfaces' build argument 'cmake_args' from command line to 'None'
[0.307s] Level 5:colcon.colcon_core.verb:set package 'robot_interfaces' build argument 'cmake_target' from command line to 'None'
[0.307s] Level 5:colcon.colcon_core.verb:set package 'robot_interfaces' build argument 'cmake_target_skip_unavailable' from command line to 'False'
[0.307s] Level 5:colcon.colcon_core.verb:set package 'robot_interfaces' build argument 'cmake_clean_cache' from command line to 'False'
[0.307s] Level 5:colcon.colcon_core.verb:set package 'robot_interfaces' build argument 'cmake_clean_first' from command line to 'False'
[0.307s] Level 5:colcon.colcon_core.verb:set package 'robot_interfaces' build argument 'cmake_force_configure' from command line to 'False'
[0.307s] Level 5:colcon.colcon_core.verb:set package 'robot_interfaces' build argument 'ament_cmake_args' from command line to 'None'
[0.307s] Level 5:colcon.colcon_core.verb:set package 'robot_interfaces' build argument 'catkin_cmake_args' from command line to 'None'
[0.307s] Level 5:colcon.colcon_core.verb:set package 'robot_interfaces' build argument 'catkin_skip_building_tests' from command line to 'False'
[0.307s] DEBUG:colcon.colcon_core.verb:Building package 'robot_interfaces' with the following arguments: {'ament_cmake_args': None, 'build_base': '/home/shayan/rpi_ws/build/robot_interfaces', 'catkin_cmake_args': None, 'catkin_skip_building_tests': False, 'cmake_args': None, 'cmake_clean_cache': False, 'cmake_clean_first': False, 'cmake_force_configure': False, 'cmake_target': None, 'cmake_target_skip_unavailable': False, 'install_base': '/home/shayan/rpi_ws/install/robot_interfaces', 'merge_install': False, 'path': '/home/shayan/rpi_ws/src/robot_interfaces', 'symlink_install': False, 'test_result_base': None}
[0.307s] Level 5:colcon.colcon_core.verb:set package 'rpi_tests' build argument 'cmake_args' from command line to 'None'
[0.307s] Level 5:colcon.colcon_core.verb:set package 'rpi_tests' build argument 'cmake_target' from command line to 'None'
[0.307s] Level 5:colcon.colcon_core.verb:set package 'rpi_tests' build argument 'cmake_target_skip_unavailable' from command line to 'False'
[0.307s] Level 5:colcon.colcon_core.verb:set package 'rpi_tests' build argument 'cmake_clean_cache' from command line to 'False'
[0.307s] Level 5:colcon.colcon_core.verb:set package 'rpi_tests' build argument 'cmake_clean_first' from command line to 'False'
[0.307s] Level 5:colcon.colcon_core.verb:set package 'rpi_tests' build argument 'cmake_force_configure' from command line to 'False'
[0.307s] Level 5:colcon.colcon_core.verb:set package 'rpi_tests' build argument 'ament_cmake_args' from command line to 'None'
[0.307s] Level 5:colcon.colcon_core.verb:set package 'rpi_tests' build argument 'catkin_cmake_args' from command line to 'None'
[0.307s] Level 5:colcon.colcon_core.verb:set package 'rpi_tests' build argument 'catkin_skip_building_tests' from command line to 'False'
[0.307s] DEBUG:colcon.colcon_core.verb:Building package 'rpi_tests' with the following arguments: {'ament_cmake_args': None, 'build_base': '/home/shayan/rpi_ws/build/rpi_tests', 'catkin_cmake_args': None, 'catkin_skip_building_tests': False, 'cmake_args': None, 'cmake_clean_cache': False, 'cmake_clean_first': False, 'cmake_force_configure': False, 'cmake_target': None, 'cmake_target_skip_unavailable': False, 'install_base': '/home/shayan/rpi_ws/install/rpi_tests', 'merge_install': False, 'path': '/home/shayan/rpi_ws/src/rpi_tests', 'symlink_install': False, 'test_result_base': None}
[0.308s] INFO:colcon.colcon_core.executor:Executing jobs using 'parallel' executor
[0.309s] DEBUG:colcon.colcon_parallel_executor.executor.parallel:run_until_complete
[0.309s] INFO:colcon.colcon_ros.task.ament_cmake.build:Building ROS package in '/home/shayan/rpi_ws/src/robot_interfaces' with build type 'ament_cmake'
[0.309s] INFO:colcon.colcon_cmake.task.cmake.build:Building CMake package in '/home/shayan/rpi_ws/src/robot_interfaces'
[0.311s] INFO:colcon.colcon_core.plugin_system:Skipping extension 'colcon_core.shell.bat': Not used on non-Windows systems
[0.312s] INFO:colcon.colcon_core.shell:Skip shell extension 'powershell' for command environment: Not usable outside of PowerShell
[0.312s] DEBUG:colcon.colcon_core.shell:Skip shell extension 'dsv' for command environment
[0.315s] INFO:colcon.colcon_ros.task.ament_cmake.build:Building ROS package in '/home/shayan/rpi_ws/src/bringup' with build type 'ament_cmake'
[0.315s] INFO:colcon.colcon_cmake.task.cmake.build:Building CMake package in '/home/shayan/rpi_ws/src/bringup'
[0.316s] INFO:colcon.colcon_core.shell:Skip shell extension 'powershell' for command environment: Not usable outside of PowerShell
[0.316s] DEBUG:colcon.colcon_core.shell:Skip shell extension 'dsv' for command environment
[0.324s] DEBUG:colcon.colcon_core.event_handler.log_command:Invoking command in '/home/shayan/rpi_ws/build/robot_interfaces': CMAKE_PREFIX_PATH=${CMAKE_PREFIX_PATH}:/home/shayan/rpi_ws/install/rpi_tests:/opt/ros/jazzy /usr/bin/cmake /home/shayan/rpi_ws/src/robot_interfaces -DCMAKE_INSTALL_PREFIX=/home/shayan/rpi_ws/install/robot_interfaces
[0.329s] DEBUG:colcon.colcon_core.event_handler.log_command:Invoking command in '/home/shayan/rpi_ws/build/bringup': CMAKE_PREFIX_PATH=${CMAKE_PREFIX_PATH}:/home/shayan/rpi_ws/install/rpi_tests:/opt/ros/jazzy /usr/bin/cmake /home/shayan/rpi_ws/src/bringup -DCMAKE_INSTALL_PREFIX=/home/shayan/rpi_ws/install/bringup
[1.570s] DEBUG:colcon.colcon_core.event_handler.log_command:Invoked command in '/home/shayan/rpi_ws/build/bringup' returned '0': CMAKE_PREFIX_PATH=${CMAKE_PREFIX_PATH}:/home/shayan/rpi_ws/install/rpi_tests:/opt/ros/jazzy /usr/bin/cmake /home/shayan/rpi_ws/src/bringup -DCMAKE_INSTALL_PREFIX=/home/shayan/rpi_ws/install/bringup
[1.571s] DEBUG:colcon.colcon_core.event_handler.log_command:Invoking command in '/home/shayan/rpi_ws/build/bringup': CMAKE_PREFIX_PATH=${CMAKE_PREFIX_PATH}:/home/shayan/rpi_ws/install/rpi_tests:/opt/ros/jazzy /usr/bin/cmake --build /home/shayan/rpi_ws/build/bringup -- -j4 -l4
[1.670s] DEBUG:colcon.colcon_core.event_handler.log_command:Invoked command in '/home/shayan/rpi_ws/build/bringup' returned '0': CMAKE_PREFIX_PATH=${CMAKE_PREFIX_PATH}:/home/shayan/rpi_ws/install/rpi_tests:/opt/ros/jazzy /usr/bin/cmake --build /home/shayan/rpi_ws/build/bringup -- -j4 -l4
[1.694s] DEBUG:colcon.colcon_core.event_handler.log_command:Invoking command in '/home/shayan/rpi_ws/build/bringup': CMAKE_PREFIX_PATH=${CMAKE_PREFIX_PATH}:/home/shayan/rpi_ws/install/rpi_tests:/opt/ros/jazzy /usr/bin/cmake --install /home/shayan/rpi_ws/build/bringup
[1.728s] Level 1:colcon.colcon_core.environment:create_environment_scripts_only(bringup)
[1.729s] DEBUG:colcon.colcon_core.event_handler.log_command:Invoked command in '/home/shayan/rpi_ws/build/bringup' returned '0': CMAKE_PREFIX_PATH=${CMAKE_PREFIX_PATH}:/home/shayan/rpi_ws/install/rpi_tests:/opt/ros/jazzy /usr/bin/cmake --install /home/shayan/rpi_ws/build/bringup
[1.732s] Level 1:colcon.colcon_core.environment:checking '/home/shayan/rpi_ws/install/bringup' for CMake module files
[1.733s] Level 1:colcon.colcon_core.environment:checking '/home/shayan/rpi_ws/install/bringup' for CMake config files
[1.733s] Level 1:colcon.colcon_core.shell:create_environment_hook('bringup', 'cmake_prefix_path')
[1.734s] INFO:colcon.colcon_core.shell:Creating environment hook '/home/shayan/rpi_ws/install/bringup/share/bringup/hook/cmake_prefix_path.ps1'
[1.735s] INFO:colcon.colcon_core.shell:Creating environment descriptor '/home/shayan/rpi_ws/install/bringup/share/bringup/hook/cmake_prefix_path.dsv'
[1.736s] INFO:colcon.colcon_core.shell:Creating environment hook '/home/shayan/rpi_ws/install/bringup/share/bringup/hook/cmake_prefix_path.sh'
[1.737s] Level 1:colcon.colcon_core.environment:checking '/home/shayan/rpi_ws/install/bringup/bin'
[1.737s] Level 1:colcon.colcon_core.environment:checking '/home/shayan/rpi_ws/install/bringup/lib/pkgconfig/bringup.pc'
[1.737s] Level 1:colcon.colcon_core.environment:checking '/home/shayan/rpi_ws/install/bringup/lib/python3.12/site-packages'
[1.738s] Level 1:colcon.colcon_core.environment:checking '/home/shayan/rpi_ws/install/bringup/bin'
[1.739s] INFO:colcon.colcon_core.shell:Creating package script '/home/shayan/rpi_ws/install/bringup/share/bringup/package.ps1'
[1.740s] INFO:colcon.colcon_core.shell:Creating package descriptor '/home/shayan/rpi_ws/install/bringup/share/bringup/package.dsv'
[1.742s] INFO:colcon.colcon_core.shell:Creating package script '/home/shayan/rpi_ws/install/bringup/share/bringup/package.sh'
[1.743s] INFO:colcon.colcon_core.shell:Creating package script '/home/shayan/rpi_ws/install/bringup/share/bringup/package.bash'
[1.745s] INFO:colcon.colcon_core.shell:Creating package script '/home/shayan/rpi_ws/install/bringup/share/bringup/package.zsh'
[1.746s] Level 1:colcon.colcon_core.environment:create_file_with_runtime_dependencies(/home/shayan/rpi_ws/install/bringup/share/colcon-core/packages/bringup)
[1.748s] Level 1:colcon.colcon_core.environment:create_environment_scripts_only(bringup)
[1.749s] Level 1:colcon.colcon_core.environment:checking '/home/shayan/rpi_ws/install/bringup' for CMake module files
[1.749s] Level 1:colcon.colcon_core.environment:checking '/home/shayan/rpi_ws/install/bringup' for CMake config files
[1.750s] Level 1:colcon.colcon_core.shell:create_environment_hook('bringup', 'cmake_prefix_path')
[1.750s] INFO:colcon.colcon_core.shell:Creating environment hook '/home/shayan/rpi_ws/install/bringup/share/bringup/hook/cmake_prefix_path.ps1'
[1.751s] INFO:colcon.colcon_core.shell:Creating environment descriptor '/home/shayan/rpi_ws/install/bringup/share/bringup/hook/cmake_prefix_path.dsv'
[1.755s] INFO:colcon.colcon_core.shell:Creating environment hook '/home/shayan/rpi_ws/install/bringup/share/bringup/hook/cmake_prefix_path.sh'
[1.756s] Level 1:colcon.colcon_core.environment:checking '/home/shayan/rpi_ws/install/bringup/bin'
[1.757s] Level 1:colcon.colcon_core.environment:checking '/home/shayan/rpi_ws/install/bringup/lib/pkgconfig/bringup.pc'
[1.757s] Level 1:colcon.colcon_core.environment:checking '/home/shayan/rpi_ws/install/bringup/lib/python3.12/site-packages'
[1.757s] Level 1:colcon.colcon_core.environment:checking '/home/shayan/rpi_ws/install/bringup/bin'
[1.758s] INFO:colcon.colcon_core.shell:Creating package script '/home/shayan/rpi_ws/install/bringup/share/bringup/package.ps1'
[1.759s] INFO:colcon.colcon_core.shell:Creating package descriptor '/home/shayan/rpi_ws/install/bringup/share/bringup/package.dsv'
[1.762s] INFO:colcon.colcon_core.shell:Creating package script '/home/shayan/rpi_ws/install/bringup/share/bringup/package.sh'
[1.763s] INFO:colcon.colcon_core.shell:Creating package script '/home/shayan/rpi_ws/install/bringup/share/bringup/package.bash'
[1.764s] INFO:colcon.colcon_core.shell:Creating package script '/home/shayan/rpi_ws/install/bringup/share/bringup/package.zsh'
[1.767s] Level 1:colcon.colcon_core.environment:create_file_with_runtime_dependencies(/home/shayan/rpi_ws/install/bringup/share/colcon-core/packages/bringup)
[5.728s] DEBUG:colcon.colcon_core.event_handler.log_command:Invoked command in '/home/shayan/rpi_ws/build/robot_interfaces' returned '0': CMAKE_PREFIX_PATH=${CMAKE_PREFIX_PATH}:/home/shayan/rpi_ws/install/rpi_tests:/opt/ros/jazzy /usr/bin/cmake /home/shayan/rpi_ws/src/robot_interfaces -DCMAKE_INSTALL_PREFIX=/home/shayan/rpi_ws/install/robot_interfaces
[5.730s] DEBUG:colcon.colcon_core.event_handler.log_command:Invoking command in '/home/shayan/rpi_ws/build/robot_interfaces': CMAKE_PREFIX_PATH=${CMAKE_PREFIX_PATH}:/home/shayan/rpi_ws/install/rpi_tests:/opt/ros/jazzy /usr/bin/cmake --build /home/shayan/rpi_ws/build/robot_interfaces -- -j4 -l4
[11.145s] DEBUG:colcon.colcon_core.event_handler.log_command:Invoked command in '/home/shayan/rpi_ws/build/robot_interfaces' returned '0': CMAKE_PREFIX_PATH=${CMAKE_PREFIX_PATH}:/home/shayan/rpi_ws/install/rpi_tests:/opt/ros/jazzy /usr/bin/cmake --build /home/shayan/rpi_ws/build/robot_interfaces -- -j4 -l4
[11.147s] DEBUG:colcon.colcon_core.event_handler.log_command:Invoking command in '/home/shayan/rpi_ws/build/robot_interfaces': CMAKE_PREFIX_PATH=${CMAKE_PREFIX_PATH}:/home/shayan/rpi_ws/install/rpi_tests:/opt/ros/jazzy /usr/bin/cmake --install /home/shayan/rpi_ws/build/robot_interfaces
[11.263s] Level 1:colcon.colcon_core.environment:create_environment_scripts_only(robot_interfaces)
[11.263s] Level 1:colcon.colcon_core.environment:checking '/home/shayan/rpi_ws/install/robot_interfaces' for CMake module files
[11.263s] DEBUG:colcon.colcon_core.event_handler.log_command:Invoked command in '/home/shayan/rpi_ws/build/robot_interfaces' returned '0': CMAKE_PREFIX_PATH=${CMAKE_PREFIX_PATH}:/home/shayan/rpi_ws/install/rpi_tests:/opt/ros/jazzy /usr/bin/cmake --install /home/shayan/rpi_ws/build/robot_interfaces
[11.264s] Level 1:colcon.colcon_core.environment:checking '/home/shayan/rpi_ws/install/robot_interfaces' for CMake config files
[11.265s] Level 1:colcon.colcon_core.shell:create_environment_hook('robot_interfaces', 'cmake_prefix_path')
[11.265s] INFO:colcon.colcon_core.shell:Creating environment hook '/home/shayan/rpi_ws/install/robot_interfaces/share/robot_interfaces/hook/cmake_prefix_path.ps1'
[11.266s] INFO:colcon.colcon_core.shell:Creating environment descriptor '/home/shayan/rpi_ws/install/robot_interfaces/share/robot_interfaces/hook/cmake_prefix_path.dsv'
[11.266s] INFO:colcon.colcon_core.shell:Creating environment hook '/home/shayan/rpi_ws/install/robot_interfaces/share/robot_interfaces/hook/cmake_prefix_path.sh'
[11.267s] Level 1:colcon.colcon_core.environment:checking '/home/shayan/rpi_ws/install/robot_interfaces/lib'
[11.267s] Level 1:colcon.colcon_core.shell:create_environment_hook('robot_interfaces', 'ld_library_path_lib')
[11.267s] INFO:colcon.colcon_core.shell:Creating environment hook '/home/shayan/rpi_ws/install/robot_interfaces/share/robot_interfaces/hook/ld_library_path_lib.ps1'
[11.268s] INFO:colcon.colcon_core.shell:Creating environment descriptor '/home/shayan/rpi_ws/install/robot_interfaces/share/robot_interfaces/hook/ld_library_path_lib.dsv'
[11.268s] INFO:colcon.colcon_core.shell:Creating environment hook '/home/shayan/rpi_ws/install/robot_interfaces/share/robot_interfaces/hook/ld_library_path_lib.sh'
[11.269s] Level 1:colcon.colcon_core.environment:checking '/home/shayan/rpi_ws/install/robot_interfaces/bin'
[11.269s] Level 1:colcon.colcon_core.environment:checking '/home/shayan/rpi_ws/install/robot_interfaces/lib/pkgconfig/robot_interfaces.pc'
[11.269s] Level 1:colcon.colcon_core.environment:checking '/home/shayan/rpi_ws/install/robot_interfaces/lib/python3.12/site-packages'
[11.269s] Level 1:colcon.colcon_core.shell:create_environment_hook('robot_interfaces', 'pythonpath')
[11.269s] INFO:colcon.colcon_core.shell:Creating environment hook '/home/shayan/rpi_ws/install/robot_interfaces/share/robot_interfaces/hook/pythonpath.ps1'
[11.270s] INFO:colcon.colcon_core.shell:Creating environment descriptor '/home/shayan/rpi_ws/install/robot_interfaces/share/robot_interfaces/hook/pythonpath.dsv'
[11.270s] INFO:colcon.colcon_core.shell:Creating environment hook '/home/shayan/rpi_ws/install/robot_interfaces/share/robot_interfaces/hook/pythonpath.sh'
[11.271s] Level 1:colcon.colcon_core.environment:checking '/home/shayan/rpi_ws/install/robot_interfaces/bin'
[11.271s] INFO:colcon.colcon_core.shell:Creating package script '/home/shayan/rpi_ws/install/robot_interfaces/share/robot_interfaces/package.ps1'
[11.272s] INFO:colcon.colcon_core.shell:Creating package descriptor '/home/shayan/rpi_ws/install/robot_interfaces/share/robot_interfaces/package.dsv'
[11.272s] INFO:colcon.colcon_core.shell:Creating package script '/home/shayan/rpi_ws/install/robot_interfaces/share/robot_interfaces/package.sh'
[11.273s] INFO:colcon.colcon_core.shell:Creating package script '/home/shayan/rpi_ws/install/robot_interfaces/share/robot_interfaces/package.bash'
[11.273s] INFO:colcon.colcon_core.shell:Creating package script '/home/shayan/rpi_ws/install/robot_interfaces/share/robot_interfaces/package.zsh'
[11.274s] Level 1:colcon.colcon_core.environment:create_file_with_runtime_dependencies(/home/shayan/rpi_ws/install/robot_interfaces/share/colcon-core/packages/robot_interfaces)
[11.274s] Level 1:colcon.colcon_core.environment:create_environment_scripts_only(robot_interfaces)
[11.274s] Level 1:colcon.colcon_core.environment:checking '/home/shayan/rpi_ws/install/robot_interfaces' for CMake module files
[11.275s] Level 1:colcon.colcon_core.environment:checking '/home/shayan/rpi_ws/install/robot_interfaces' for CMake config files
[11.276s] Level 1:colcon.colcon_core.shell:create_environment_hook('robot_interfaces', 'cmake_prefix_path')
[11.276s] INFO:colcon.colcon_core.shell:Creating environment hook '/home/shayan/rpi_ws/install/robot_interfaces/share/robot_interfaces/hook/cmake_prefix_path.ps1'
[11.277s] INFO:colcon.colcon_core.shell:Creating environment descriptor '/home/shayan/rpi_ws/install/robot_interfaces/share/robot_interfaces/hook/cmake_prefix_path.dsv'
[11.278s] INFO:colcon.colcon_core.shell:Creating environment hook '/home/shayan/rpi_ws/install/robot_interfaces/share/robot_interfaces/hook/cmake_prefix_path.sh'
[11.279s] Level 1:colcon.colcon_core.environment:checking '/home/shayan/rpi_ws/install/robot_interfaces/lib'
[11.279s] Level 1:colcon.colcon_core.shell:create_environment_hook('robot_interfaces', 'ld_library_path_lib')
[11.279s] INFO:colcon.colcon_core.shell:Creating environment hook '/home/shayan/rpi_ws/install/robot_interfaces/share/robot_interfaces/hook/ld_library_path_lib.ps1'
[11.279s] INFO:colcon.colcon_core.shell:Creating environment descriptor '/home/shayan/rpi_ws/install/robot_interfaces/share/robot_interfaces/hook/ld_library_path_lib.dsv'
[11.280s] INFO:colcon.colcon_core.shell:Creating environment hook '/home/shayan/rpi_ws/install/robot_interfaces/share/robot_interfaces/hook/ld_library_path_lib.sh'
[11.281s] Level 1:colcon.colcon_core.environment:checking '/home/shayan/rpi_ws/install/robot_interfaces/bin'
[11.281s] Level 1:colcon.colcon_core.environment:checking '/home/shayan/rpi_ws/install/robot_interfaces/lib/pkgconfig/robot_interfaces.pc'
[11.281s] Level 1:colcon.colcon_core.environment:checking '/home/shayan/rpi_ws/install/robot_interfaces/lib/python3.12/site-packages'
[11.281s] Level 1:colcon.colcon_core.shell:create_environment_hook('robot_interfaces', 'pythonpath')
[11.282s] INFO:colcon.colcon_core.shell:Creating environment hook '/home/shayan/rpi_ws/install/robot_interfaces/share/robot_interfaces/hook/pythonpath.ps1'
[11.282s] INFO:colcon.colcon_core.shell:Creating environment descriptor '/home/shayan/rpi_ws/install/robot_interfaces/share/robot_interfaces/hook/pythonpath.dsv'
[11.283s] INFO:colcon.colcon_core.shell:Creating environment hook '/home/shayan/rpi_ws/install/robot_interfaces/share/robot_interfaces/hook/pythonpath.sh'
[11.284s] Level 1:colcon.colcon_core.environment:checking '/home/shayan/rpi_ws/install/robot_interfaces/bin'
[11.284s] INFO:colcon.colcon_core.shell:Creating package script '/home/shayan/rpi_ws/install/robot_interfaces/share/robot_interfaces/package.ps1'
[11.285s] INFO:colcon.colcon_core.shell:Creating package descriptor '/home/shayan/rpi_ws/install/robot_interfaces/share/robot_interfaces/package.dsv'
[11.286s] INFO:colcon.colcon_core.shell:Creating package script '/home/shayan/rpi_ws/install/robot_interfaces/share/robot_interfaces/package.sh'
[11.287s] INFO:colcon.colcon_core.shell:Creating package script '/home/shayan/rpi_ws/install/robot_interfaces/share/robot_interfaces/package.bash'
[11.287s] INFO:colcon.colcon_core.shell:Creating package script '/home/shayan/rpi_ws/install/robot_interfaces/share/robot_interfaces/package.zsh'
[11.288s] Level 1:colcon.colcon_core.environment:create_file_with_runtime_dependencies(/home/shayan/rpi_ws/install/robot_interfaces/share/colcon-core/packages/robot_interfaces)
[11.289s] INFO:colcon.colcon_ros.task.ament_python.build:Building ROS package in '/home/shayan/rpi_ws/src/rpi_tests' with build type 'ament_python'
[11.289s] Level 1:colcon.colcon_core.shell:create_environment_hook('rpi_tests', 'ament_prefix_path')
[11.289s] INFO:colcon.colcon_core.shell:Creating environment hook '/home/shayan/rpi_ws/install/rpi_tests/share/rpi_tests/hook/ament_prefix_path.ps1'
[11.290s] INFO:colcon.colcon_core.shell:Creating environment descriptor '/home/shayan/rpi_ws/install/rpi_tests/share/rpi_tests/hook/ament_prefix_path.dsv'
[11.291s] INFO:colcon.colcon_core.shell:Creating environment hook '/home/shayan/rpi_ws/install/rpi_tests/share/rpi_tests/hook/ament_prefix_path.sh'
[11.291s] INFO:colcon.colcon_core.shell:Skip shell extension 'powershell' for command environment: Not usable outside of PowerShell
[11.291s] DEBUG:colcon.colcon_core.shell:Skip shell extension 'dsv' for command environment
[11.593s] INFO:colcon.colcon_core.task.python.build:Building Python package in '/home/shayan/rpi_ws/src/rpi_tests'
[11.593s] INFO:colcon.colcon_core.shell:Skip shell extension 'powershell' for command environment: Not usable outside of PowerShell
[11.593s] DEBUG:colcon.colcon_core.shell:Skip shell extension 'dsv' for command environment
[12.326s] DEBUG:colcon.colcon_core.event_handler.log_command:Invoking command in '/home/shayan/rpi_ws/src/rpi_tests': CMAKE_PREFIX_PATH=/home/shayan/rpi_ws/install/robot_interfaces:/home/shayan/rpi_ws/install/bringup PYTHONPATH=/home/shayan/rpi_ws/build/rpi_tests/prefix_override:/usr/lib/python3/dist-packages/colcon_core/task/python/colcon_distutils_commands:/home/shayan/rpi_ws/install/rpi_tests/lib/python3.12/site-packages:/home/shayan/rpi_ws/install/robot_interfaces/lib/python3.12/site-packages:/home/shayan/rpi_ws/install/rpi_tests/lib/python3.12/site-packages:/opt/ros/jazzy/lib/python3.12/site-packages /usr/bin/python3 -W ignore:setup.py install is deprecated -W ignore:easy_install command is deprecated setup.py egg_info --egg-base ../../build/rpi_tests build --build-base /home/shayan/rpi_ws/build/rpi_tests/build install --record /home/shayan/rpi_ws/build/rpi_tests/install.log --single-version-externally-managed install_data
[12.985s] Level 1:colcon.colcon_core.environment:checking '/home/shayan/rpi_ws/install/rpi_tests' for CMake module files
[12.986s] DEBUG:colcon.colcon_core.event_handler.log_command:Invoked command in '/home/shayan/rpi_ws/src/rpi_tests' returned '0': CMAKE_PREFIX_PATH=/home/shayan/rpi_ws/install/robot_interfaces:/home/shayan/rpi_ws/install/bringup PYTHONPATH=/home/shayan/rpi_ws/build/rpi_tests/prefix_override:/usr/lib/python3/dist-packages/colcon_core/task/python/colcon_distutils_commands:/home/shayan/rpi_ws/install/rpi_tests/lib/python3.12/site-packages:/home/shayan/rpi_ws/install/robot_interfaces/lib/python3.12/site-packages:/home/shayan/rpi_ws/install/rpi_tests/lib/python3.12/site-packages:/opt/ros/jazzy/lib/python3.12/site-packages /usr/bin/python3 -W ignore:setup.py install is deprecated -W ignore:easy_install command is deprecated setup.py egg_info --egg-base ../../build/rpi_tests build --build-base /home/shayan/rpi_ws/build/rpi_tests/build install --record /home/shayan/rpi_ws/build/rpi_tests/install.log --single-version-externally-managed install_data
[12.986s] Level 1:colcon.colcon_core.environment:checking '/home/shayan/rpi_ws/install/rpi_tests' for CMake config files
[12.987s] Level 1:colcon.colcon_core.environment:checking '/home/shayan/rpi_ws/install/rpi_tests/lib'
[12.987s] Level 1:colcon.colcon_core.environment:checking '/home/shayan/rpi_ws/install/rpi_tests/bin'
[12.987s] Level 1:colcon.colcon_core.environment:checking '/home/shayan/rpi_ws/install/rpi_tests/lib/pkgconfig/rpi_tests.pc'
[12.987s] Level 1:colcon.colcon_core.environment:checking '/home/shayan/rpi_ws/install/rpi_tests/lib/python3.12/site-packages'
[12.987s] Level 1:colcon.colcon_core.shell:create_environment_hook('rpi_tests', 'pythonpath')
[12.988s] INFO:colcon.colcon_core.shell:Creating environment hook '/home/shayan/rpi_ws/install/rpi_tests/share/rpi_tests/hook/pythonpath.ps1'
[12.988s] INFO:colcon.colcon_core.shell:Creating environment descriptor '/home/shayan/rpi_ws/install/rpi_tests/share/rpi_tests/hook/pythonpath.dsv'
[12.988s] INFO:colcon.colcon_core.shell:Creating environment hook '/home/shayan/rpi_ws/install/rpi_tests/share/rpi_tests/hook/pythonpath.sh'
[12.989s] Level 1:colcon.colcon_core.environment:checking '/home/shayan/rpi_ws/install/rpi_tests/bin'
[12.989s] Level 1:colcon.colcon_core.environment:create_environment_scripts_only(rpi_tests)
[12.990s] INFO:colcon.colcon_core.shell:Creating package script '/home/shayan/rpi_ws/install/rpi_tests/share/rpi_tests/package.ps1'
[12.990s] INFO:colcon.colcon_core.shell:Creating package descriptor '/home/shayan/rpi_ws/install/rpi_tests/share/rpi_tests/package.dsv'
[12.991s] INFO:colcon.colcon_core.shell:Creating package script '/home/shayan/rpi_ws/install/rpi_tests/share/rpi_tests/package.sh'
[12.991s] INFO:colcon.colcon_core.shell:Creating package script '/home/shayan/rpi_ws/install/rpi_tests/share/rpi_tests/package.bash'
[12.991s] INFO:colcon.colcon_core.shell:Creating package script '/home/shayan/rpi_ws/install/rpi_tests/share/rpi_tests/package.zsh'
[12.992s] Level 1:colcon.colcon_core.environment:create_file_with_runtime_dependencies(/home/shayan/rpi_ws/install/rpi_tests/share/colcon-core/packages/rpi_tests)
[12.992s] DEBUG:colcon.colcon_parallel_executor.executor.parallel:closing loop
[12.993s] DEBUG:colcon.colcon_parallel_executor.executor.parallel:loop closed
[12.993s] DEBUG:colcon.colcon_parallel_executor.executor.parallel:run_until_complete finished with '0'
[12.993s] DEBUG:colcon.colcon_core.event_reactor:joining thread
[12.994s] DEBUG:colcon.colcon_core.event_reactor:joined thread
[12.994s] INFO:colcon.colcon_core.shell:Creating prefix script '/home/shayan/rpi_ws/install/local_setup.ps1'
[12.995s] INFO:colcon.colcon_core.shell:Creating prefix util module '/home/shayan/rpi_ws/install/_local_setup_util_ps1.py'
[12.997s] INFO:colcon.colcon_core.shell:Creating prefix chain script '/home/shayan/rpi_ws/install/setup.ps1'
[12.998s] INFO:colcon.colcon_core.shell:Creating prefix script '/home/shayan/rpi_ws/install/local_setup.sh'
[12.999s] INFO:colcon.colcon_core.shell:Creating prefix util module '/home/shayan/rpi_ws/install/_local_setup_util_sh.py'
[13.000s] INFO:colcon.colcon_core.shell:Creating prefix chain script '/home/shayan/rpi_ws/install/setup.sh'
[13.001s] INFO:colcon.colcon_core.shell:Creating prefix script '/home/shayan/rpi_ws/install/local_setup.bash'
[13.001s] INFO:colcon.colcon_core.shell:Creating prefix chain script '/home/shayan/rpi_ws/install/setup.bash'
[13.003s] INFO:colcon.colcon_core.shell:Creating prefix script '/home/shayan/rpi_ws/install/local_setup.zsh'
[13.003s] INFO:colcon.colcon_core.shell:Creating prefix chain script '/home/shayan/rpi_ws/install/setup.zsh'
